<?xml version="1.0" encoding="UTF-8"?>
<!-- Generated by org.testng.reporters.JUnitXMLReporter -->
<testsuite ignored="0" hostname="VISWA" failures="2" tests="3" name="AnnotationSequence" time="0.019" errors="0" timestamp="2024-07-13T23:59:06 IST">
  <testcase classname="TestNGAnnotations.AnnotationSequence" name="f1" time="0.0">
    <failure type="org.testng.TestNGException" message="
Parameter &amp;apos;Product Name&amp;apos; is required by @Test on method f1 but has not been marked @Optional or defined
in C:\Users\VISWA\eclipse-workspace\TestNGProject\testng.xml">
      <![CDATA[org.testng.TestNGException: 
Parameter 'Product Name' is required by @Test on method f1 but has not been marked @Optional or defined
in C:\Users\VISWA\eclipse-workspace\TestNGProject\testng.xml
at java.base/java.util.ArrayList.forEach(ArrayList.java:1597)
... Removed 26 stack frames]]>
    </failure>
  </testcase> <!-- f1 -->
  <testcase classname="TestNGAnnotations.AnnotationSequence" name="f2" time="0.001"/>
  <testcase classname="TestNGAnnotations.AnnotationSequence" name="testingParameters" time="0.0">
    <failure type="org.testng.TestNGException" message="
Parameter &amp;apos;Product Name&amp;apos; is required by @Test on method testingParameters but has not been marked @Optional or defined
in C:\Users\VISWA\eclipse-workspace\TestNGProject\testng.xml">
      <![CDATA[org.testng.TestNGException: 
Parameter 'Product Name' is required by @Test on method testingParameters but has not been marked @Optional or defined
in C:\Users\VISWA\eclipse-workspace\TestNGProject\testng.xml
at java.base/java.util.ArrayList.forEach(ArrayList.java:1597)
... Removed 26 stack frames]]>
    </failure>
  </testcase> <!-- testingParameters -->
</testsuite> <!-- AnnotationSequence -->
