<?xml version="1.0" encoding="UTF-8"?>
<!-- Generated by org.testng.reporters.JUnitXMLReporter -->
<testsuite ignored="0" hostname="VISWA" failures="1" tests="3" name="SampleTestClass" time="0.014" errors="0" timestamp="2024-07-14T00:00:28 IST">
  <testcase classname="TestNGAnnotations.SampleTestClass" name="sampleTest1" time="0.001"/>
  <testcase classname="TestNGAnnotations.SampleTestClass" name="sampleTest4" time="0.001">
    <failure type="java.lang.Exception" message="Failure">
      <![CDATA[java.lang.Exception: Failure
at TestNGAnnotations.SampleTestClass.sampleTest4(SampleTestClass.java:26)
at java.base/java.util.ArrayList.forEach(ArrayList.java:1597)
... Removed 25 stack frames]]>
    </failure>
  </testcase> <!-- sampleTest4 -->
  <testcase classname="TestNGAnnotations.SampleTestClass" name="sampleTest5" time="0.001">
    <skipped/>
  </testcase> <!-- sampleTest5 -->
</testsuite> <!-- SampleTestClass -->
